#
# There is insufficient memory for the Java Runtime Environment to continue.
# Native memory allocation (malloc) failed to allocate 146087936 bytes for committing reserved memory.
# Possible reasons:
#   The system is out of physical RAM or swap space
#   In 32 bit mode, the process size limit was hit
# Possible solutions:
#   Reduce memory load on the system
#   Increase physical memory or swap space
#   Check if swap backing store is full
#   Use 64 bit Java on a 64 bit OS
#   Decrease Java heap size (-Xmx/-Xms)
#   Decrease number of Java threads
#   Decrease Java thread stack sizes (-Xss)
#   Set larger code cache with -XX:ReservedCodeCacheSize=
# This output file may be truncated or incomplete.
#
#  Out of Memory Error (os_linux.cpp:2769), pid=58786, tid=139939724101376
#
# JRE version: OpenJDK Runtime Environment (7.0_51-b31) (build 1.7.0_51-b31)
# Java VM: OpenJDK 64-Bit Server VM (24.51-b03 mixed mode linux-amd64 compressed oops)
# Failed to write core dump. Core dumps have been disabled. To enable core dumping, try "ulimit -c unlimited" before starting Java again
#

---------------  T H R E A D  ---------------

Current thread (0x00007f463c06b800):  VMThread [stack: 0x00007f46417b8000,0x00007f46418b9000] [id=58788]

Stack: [0x00007f46417b8000,0x00007f46418b9000],  sp=0x00007f46418b7570,  free space=1021k
Native frames: (J=compiled Java code, j=interpreted, Vv=VM code, C=native code)
V  [libjvm.so+0x917ad5]  VMError::report_and_die()+0x175
V  [libjvm.so+0x4680a4]  report_vm_out_of_memory(char const*, int, unsigned long, char const*)+0x74
V  [libjvm.so+0x79a75b]  os::pd_commit_memory(char*, unsigned long, unsigned long, bool)+0x20b
V  [libjvm.so+0x79501f]  os::commit_memory(char*, unsigned long, unsigned long, bool)+0x1f
V  [libjvm.so+0x914b04]  VirtualSpace::expand_by(unsigned long, bool)+0x1c4
V  [libjvm.so+0x53b32e]  OneContigSpaceCardGeneration::grow_by(unsigned long)+0x1e
V  [libjvm.so+0x53b676]  OneContigSpaceCardGeneration::expand(unsigned long, unsigned long)+0x96
V  [libjvm.so+0x52cc38]  GenCollectedHeap::do_collection(bool, bool, unsigned long, bool, int)+0x298
V  [libjvm.so+0x402552]  GenCollectorPolicy::satisfy_failed_allocation(unsigned long, bool)+0xb2
V  [libjvm.so+0x918de1]  VM_GenCollectForAllocation::doit()+0x81
V  [libjvm.so+0x91d987]  VM_Operation::evaluate()+0x47
V  [libjvm.so+0x91c358]  VMThread::evaluate_operation(VM_Operation*)+0x318
V  [libjvm.so+0x91c7b9]  VMThread::loop()+0x219
V  [libjvm.so+0x91cc02]  VMThread::run()+0x72
V  [libjvm.so+0x797422]  java_start(Thread*)+0xf2

VM_Operation (0x00007f46452e53e0): GenCollectForAllocation, mode: safepoint, requested by thread 0x00007f463c00a000


---------------  P R O C E S S  ---------------

Java Threads: ( => current thread )
  0x00007f463c09b800 JavaThread "Service Thread" daemon [_thread_blocked, id=58794, stack(0x00007f4641029000,0x00007f464112a000)]
  0x00007f463c098800 JavaThread "C2 CompilerThread1" daemon [_thread_blocked, id=58793, stack(0x00007f464112a000,0x00007f464122b000)]
  0x00007f463c096800 JavaThread "C2 CompilerThread0" daemon [_thread_blocked, id=58792, stack(0x00007f464122b000,0x00007f464132c000)]
  0x00007f463c094800 JavaThread "Signal Dispatcher" daemon [_thread_blocked, id=58791, stack(0x00007f464132c000,0x00007f464142d000)]
  0x00007f463c071800 JavaThread "Finalizer" daemon [_thread_blocked, id=58790, stack(0x00007f46415b6000,0x00007f46416b7000)]
  0x00007f463c06f800 JavaThread "Reference Handler" daemon [_thread_blocked, id=58789, stack(0x00007f46416b7000,0x00007f46417b8000)]
  0x00007f463c00a000 JavaThread "main" [_thread_blocked, id=58787, stack(0x00007f46451e6000,0x00007f46452e7000)]

Other Threads:
=>0x00007f463c06b800 VMThread [stack: 0x00007f46417b8000,0x00007f46418b9000] [id=58788]
  0x00007f463c0a6000 WatcherThread [stack: 0x00007f4640f28000,0x00007f4641029000] [id=58795]

VM state:at safepoint (normal execution)

VM Mutex/Monitor currently owned by a thread:  ([mutex/lock_event])
[0x00007f463c006330] Threads_lock - owner thread: 0x00007f463c06b800
[0x00007f463c006830] Heap_lock - owner thread: 0x00007f463c00a000

Heap
 def new generation   total 132480K, used 0K [0x00000000cc000000, 0x00000000d4fc0000, 0x00000000d9e00000)
  eden space 117760K,   0% used [0x00000000cc000000, 0x00000000cc000000, 0x00000000d3300000)
  from space 14720K,   0% used [0x00000000d3300000, 0x00000000d3300000, 0x00000000d4160000)
  to   space 14720K,   0% used [0x00000000d4160000, 0x00000000d4160000, 0x00000000d4fc0000)
 tenured generation   total 311992K, used 283939K [0x00000000d9e00000, 0x00000000eceae000, 0x00000000f5a00000)
   the space 311992K,  91% used [0x00000000d9e00000, 0x00000000eb348f28, 0x00000000eb349000, 0x00000000eceae000)
 compacting perm gen  total 21248K, used 5944K [0x00000000f5a00000, 0x00000000f6ec0000, 0x0000000100000000)
   the space 21248K,  27% used [0x00000000f5a00000, 0x00000000f5fce0c0, 0x00000000f5fce200, 0x00000000f6ec0000)
No shared spaces configured.

Card table byte_map: [0x00007f4641cb3000,0x00007f4641e54000] byte_map_base: 0x00007f4641653000

Polling page: 0x00007f46452f3000

Code Cache  [0x00007f4639000000, 0x00007f4639270000, 0x00007f463c000000)
 total_blobs=439 nmethods=198 adapters=195 free_code_cache=48162Kb largest_free_block=49252800

Compilation events (10 events):
Event: 10.719 Thread 0x00007f463c096800 nmethod 194 0x00007f46390d3850 code [0x00007f46390d39e0, 0x00007f46390d3dd8]
Event: 10.990 Thread 0x00007f463c096800  195             java.util.AbstractMap::<init> (15 bytes)
Event: 10.990 Thread 0x00007f463c096800 nmethod 195 0x00007f46390d7010 code [0x00007f46390d7140, 0x00007f46390d7198]
Event: 10.991 Thread 0x00007f463c096800  196             java.lang.Float::isNaN (12 bytes)
Event: 10.991 Thread 0x00007f463c096800 nmethod 196 0x00007f46390d6e10 code [0x00007f46390d6f40, 0x00007f46390d6f98]
Event: 11.180 Thread 0x00007f463c096800  197             java.util.HashMap::<init> (119 bytes)
Event: 11.182 Thread 0x00007f463c096800 nmethod 197 0x00007f46390e6990 code [0x00007f46390e6ae0, 0x00007f46390e6bd8]
Event: 11.182 Thread 0x00007f463c096800  198             java.util.HashMap::<init> (9 bytes)
Event: 11.183 Thread 0x00007f463c096800 nmethod 198 0x00007f46390e66d0 code [0x00007f46390e6820, 0x00007f46390e68d8]
Event: 12.166 Thread 0x00007f463c098800 nmethod 179% 0x00007f46390f2690 code [0x00007f46390f3340, 0x00007f46390fcaf8]

GC Heap History (10 events):
Event: 18.552 GC heap after
Heap after GC invocations=55 (full 4):
 def new generation   total 132480K, used 9241K [0x00000000cc000000, 0x00000000d4fc0000, 0x00000000d9e00000)
  eden space 117760K,   0% used [0x00000000cc000000, 0x00000000cc000000, 0x00000000d3300000)
  from space 14720K,  62% used [0x00000000d4160000, 0x00000000d4a667c0, 0x00000000d4fc0000)
  to   space 14720K,   0% used [0x00000000d3300000, 0x00000000d3300000, 0x00000000d4160000)
 tenured generation   total 294328K, used 268527K [0x00000000d9e00000, 0x00000000ebd6e000, 0x00000000f5a00000)
   the space 294328K,  91% used [0x00000000d9e00000, 0x00000000ea43bee8, 0x00000000ea43c000, 0x00000000ebd6e000)
 compacting perm gen  total 21248K, used 5944K [0x00000000f5a00000, 0x00000000f6ec0000, 0x0000000100000000)
   the space 21248K,  27% used [0x00000000f5a00000, 0x00000000f5fce080, 0x00000000f5fce200, 0x00000000f6ec0000)
No shared spaces configured.
}
Event: 18.797 GC heap before
{Heap before GC invocations=55 (full 4):
 def new generation   total 132480K, used 127001K [0x00000000cc000000, 0x00000000d4fc0000, 0x00000000d9e00000)
  eden space 117760K, 100% used [0x00000000cc000000, 0x00000000d3300000, 0x00000000d3300000)
  from space 14720K,  62% used [0x00000000d4160000, 0x00000000d4a667c0, 0x00000000d4fc0000)
  to   space 14720K,   0% used [0x00000000d3300000, 0x00000000d3300000, 0x00000000d4160000)
 tenured generation   total 294328K, used 268527K [0x00000000d9e00000, 0x00000000ebd6e000, 0x00000000f5a00000)
   the space 294328K,  91% used [0x00000000d9e00000, 0x00000000ea43bee8, 0x00000000ea43c000, 0x00000000ebd6e000)
 compacting perm gen  total 21248K, used 5944K [0x00000000f5a00000, 0x00000000f6ec0000, 0x0000000100000000)
   the space 21248K,  27% used [0x00000000f5a00000, 0x00000000f5fce080, 0x00000000f5fce200, 0x00000000f6ec0000)
No shared spaces configured.
Event: 18.924 GC heap after
Heap after GC invocations=56 (full 4):
 def new generation   total 132480K, used 9054K [0x00000000cc000000, 0x00000000d4fc0000, 0x00000000d9e00000)
  eden space 117760K,   0% used [0x00000000cc000000, 0x00000000cc000000, 0x00000000d3300000)
  from space 14720K,  61% used [0x00000000d3300000, 0x00000000d3bd7b40, 0x00000000d4160000)
  to   space 14720K,   0% used [0x00000000d4160000, 0x00000000d4160000, 0x00000000d4fc0000)
 tenured generation   total 294328K, used 273157K [0x00000000d9e00000, 0x00000000ebd6e000, 0x00000000f5a00000)
   the space 294328K,  92% used [0x00000000d9e00000, 0x00000000ea8c1690, 0x00000000ea8c1800, 0x00000000ebd6e000)
 compacting perm gen  total 21248K, used 5944K [0x00000000f5a00000, 0x00000000f6ec0000, 0x0000000100000000)
   the space 21248K,  27% used [0x00000000f5a00000, 0x00000000f5fce080, 0x00000000f5fce200, 0x00000000f6ec0000)
No shared spaces configured.
}
Event: 19.173 GC heap before
{Heap before GC invocations=56 (full 4):
 def new generation   total 132480K, used 126814K [0x00000000cc000000, 0x00000000d4fc0000, 0x00000000d9e00000)
  eden space 117760K, 100% used [0x00000000cc000000, 0x00000000d3300000, 0x00000000d3300000)
  from space 14720K,  61% used [0x00000000d3300000, 0x00000000d3bd7b40, 0x00000000d4160000)
  to   space 14720K,   0% used [0x00000000d4160000, 0x00000000d4160000, 0x00000000d4fc0000)
 tenured generation   total 294328K, used 273157K [0x00000000d9e00000, 0x00000000ebd6e000, 0x00000000f5a00000)
   the space 294328K,  92% used [0x00000000d9e00000, 0x00000000ea8c1690, 0x00000000ea8c1800, 0x00000000ebd6e000)
 compacting perm gen  total 21248K, used 5944K [0x00000000f5a00000, 0x00000000f6ec0000, 0x0000000100000000)
   the space 21248K,  27% used [0x00000000f5a00000, 0x00000000f5fce080, 0x00000000f5fce200, 0x00000000f6ec0000)
No shared spaces configured.
Event: 19.289 GC heap after
Heap after GC invocations=57 (full 4):
 def new generation   total 132480K, used 8858K [0x00000000cc000000, 0x00000000d4fc0000, 0x00000000d9e00000)
  eden space 117760K,   0% used [0x00000000cc000000, 0x00000000cc000000, 0x00000000d3300000)
  from space 14720K,  60% used [0x00000000d4160000, 0x00000000d4a06918, 0x00000000d4fc0000)
  to   space 14720K,   0% used [0x00000000d3300000, 0x00000000d3300000, 0x00000000d4160000)
 tenured generation   total 294328K, used 277769K [0x00000000d9e00000, 0x00000000ebd6e000, 0x00000000f5a00000)
   the space 294328K,  94% used [0x00000000d9e00000, 0x00000000ead42678, 0x00000000ead42800, 0x00000000ebd6e000)
 compacting perm gen  total 21248K, used 5944K [0x00000000f5a00000, 0x00000000f6ec0000, 0x0000000100000000)
   the space 21248K,  27% used [0x00000000f5a00000, 0x00000000f5fce080, 0x00000000f5fce200, 0x00000000f6ec0000)
No shared spaces configured.
}
Event: 19.536 GC heap before
{Heap before GC invocations=57 (full 4):
 def new generation   total 132480K, used 126618K [0x00000000cc000000, 0x00000000d4fc0000, 0x00000000d9e00000)
  eden space 117760K, 100% used [0x00000000cc000000, 0x00000000d3300000, 0x00000000d3300000)
  from space 14720K,  60% used [0x00000000d4160000, 0x00000000d4a06918, 0x00000000d4fc0000)
  to   space 14720K,   0% used [0x00000000d3300000, 0x00000000d3300000, 0x00000000d4160000)
 tenured generation   total 294328K, used 277769K [0x00000000d9e00000, 0x00000000ebd6e000, 0x00000000f5a00000)
   the space 294328K,  94% used [0x00000000d9e00000, 0x00000000ead42678, 0x00000000ead42800, 0x00000000ebd6e000)
 compacting perm gen  total 21248K, used 5944K [0x00000000f5a00000, 0x00000000f6ec0000, 0x0000000100000000)
   the space 21248K,  27% used [0x00000000f5a00000, 0x00000000f5fce080, 0x00000000f5fce200, 0x00000000f6ec0000)
No shared spaces configured.
Event: 19.658 GC heap after
Heap after GC invocations=58 (full 4):
 def new generation   total 132480K, used 8931K [0x00000000cc000000, 0x00000000d4fc0000, 0x00000000d9e00000)
  eden space 117760K,   0% used [0x00000000cc000000, 0x00000000cc000000, 0x00000000d3300000)
  from space 14720K,  60% used [0x00000000d3300000, 0x00000000d3bb8c80, 0x00000000d4160000)
  to   space 14720K,   0% used [0x00000000d4160000, 0x00000000d4160000, 0x00000000d4fc0000)
 tenured generation   total 294328K, used 282212K [0x00000000d9e00000, 0x00000000ebd6e000, 0x00000000f5a00000)
   the space 294328K,  95% used [0x00000000d9e00000, 0x00000000eb199000, 0x00000000eb199000, 0x00000000ebd6e000)
 compacting perm gen  total 21248K, used 5944K [0x00000000f5a00000, 0x00000000f6ec0000, 0x0000000100000000)
   the space 21248K,  27% used [0x00000000f5a00000, 0x00000000f5fce080, 0x00000000f5fce200, 0x00000000f6ec0000)
No shared spaces configured.
}
Event: 19.906 GC heap before
{Heap before GC invocations=58 (full 4):
 def new generation   total 132480K, used 126691K [0x00000000cc000000, 0x00000000d4fc0000, 0x00000000d9e00000)
  eden space 117760K, 100% used [0x00000000cc000000, 0x00000000d3300000, 0x00000000d3300000)
  from space 14720K,  60% used [0x00000000d3300000, 0x00000000d3bb8c80, 0x00000000d4160000)
  to   space 14720K,   0% used [0x00000000d4160000, 0x00000000d4160000, 0x00000000d4fc0000)
 tenured generation   total 294328K, used 282212K [0x00000000d9e00000, 0x00000000ebd6e000, 0x00000000f5a00000)
   the space 294328K,  95% used [0x00000000d9e00000, 0x00000000eb199000, 0x00000000eb199000, 0x00000000ebd6e000)
 compacting perm gen  total 21248K, used 5944K [0x00000000f5a00000, 0x00000000f6ec0000, 0x0000000100000000)
   the space 21248K,  27% used [0x00000000f5a00000, 0x00000000f5fce080, 0x00000000f5fce200, 0x00000000f6ec0000)
No shared spaces configured.
Event: 20.031 GC heap after
Heap after GC invocations=59 (full 4):
 def new generation   total 132480K, used 9358K [0x00000000cc000000, 0x00000000d4fc0000, 0x00000000d9e00000)
  eden space 117760K,   0% used [0x00000000cc000000, 0x00000000cc000000, 0x00000000d3300000)
  from space 14720K,  63% used [0x00000000d4160000, 0x00000000d4a839e8, 0x00000000d4fc0000)
  to   space 14720K,   0% used [0x00000000d3300000, 0x00000000d3300000, 0x00000000d4160000)
 tenured generation   total 294328K, used 286627K [0x00000000d9e00000, 0x00000000ebd6e000, 0x00000000f5a00000)
   the space 294328K,  97% used [0x00000000d9e00000, 0x00000000eb5e8e80, 0x00000000eb5e9000, 0x00000000ebd6e000)
 compacting perm gen  total 21248K, used 5944K [0x00000000f5a00000, 0x00000000f6ec0000, 0x0000000100000000)
   the space 21248K,  27% used [0x00000000f5a00000, 0x00000000f5fce080, 0x00000000f5fce200, 0x00000000f6ec0000)
No shared spaces configured.
}
Event: 20.590 GC heap before
{Heap before GC invocations=59 (full 4):
 def new generation   total 132480K, used 127118K [0x00000000cc000000, 0x00000000d4fc0000, 0x00000000d9e00000)
  eden space 117760K, 100% used [0x00000000cc000000, 0x00000000d3300000, 0x00000000d3300000)
  from space 14720K,  63% used [0x00000000d4160000, 0x00000000d4a839e8, 0x00000000d4fc0000)
  to   space 14720K,   0% used [0x00000000d3300000, 0x00000000d3300000, 0x00000000d4160000)
 tenured generation   total 294328K, used 286627K [0x00000000d9e00000, 0x00000000ebd6e000, 0x00000000f5a00000)
   the space 294328K,  97% used [0x00000000d9e00000, 0x00000000eb5e8e80, 0x00000000eb5e9000, 0x00000000ebd6e000)
 compacting perm gen  total 21248K, used 5944K [0x00000000f5a00000, 0x00000000f6ec0000, 0x0000000100000000)
   the space 21248K,  27% used [0x00000000f5a00000, 0x00000000f5fce0c0, 0x00000000f5fce200, 0x00000000f6ec0000)
No shared spaces configured.

Deoptimization events (10 events):
Event: 1.657 Thread 0x00007f463c00a000 Uncommon trap: reason=unreached action=reinterpret pc=0x00007f463906e7e4 method=java.util.ArrayList.ensureCapacityInternal(I)V @ 7
Event: 1.658 Thread 0x00007f463c00a000 Uncommon trap: reason=unreached action=reinterpret pc=0x00007f463906ba04 method=java.util.ArrayList.ensureCapacityInternal(I)V @ 7
Event: 3.072 Thread 0x00007f463c00a000 Uncommon trap: reason=array_check action=maybe_recompile pc=0x00007f46390b5fa8 method=java.util.AbstractCollection.toArray([Ljava/lang/Object;)[Ljava/lang/Object; @ 119
Event: 3.072 Thread 0x00007f463c00a000 Uncommon trap: reason=array_check action=maybe_recompile pc=0x00007f46390b5fa8 method=java.util.AbstractCollection.toArray([Ljava/lang/Object;)[Ljava/lang/Object; @ 119
Event: 3.072 Thread 0x00007f463c00a000 Uncommon trap: reason=array_check action=maybe_recompile pc=0x00007f46390b5fa8 method=java.util.AbstractCollection.toArray([Ljava/lang/Object;)[Ljava/lang/Object; @ 119
Event: 3.072 Thread 0x00007f463c00a000 Uncommon trap: reason=array_check action=maybe_recompile pc=0x00007f46390b5fa8 method=java.util.AbstractCollection.toArray([Ljava/lang/Object;)[Ljava/lang/Object; @ 119
Event: 10.443 Thread 0x00007f463c00a000 Uncommon trap: reason=unreached action=reinterpret pc=0x00007f46390a27dc method=CNIGen.createInvertedList(Ljava/sql/Connection;)V @ 208
Event: 10.443 Thread 0x00007f463c00a000 Uncommon trap: reason=unreached action=reinterpret pc=0x00007f463908e8b8 method=java.util.HashMap.get(Ljava/lang/Object;)Ljava/lang/Object; @ 17
Event: 10.443 Thread 0x00007f463c00a000 Uncommon trap: reason=unreached action=reinterpret pc=0x00007f4639096368 method=java.util.HashMap.put(Ljava/lang/Object;Ljava/lang/Object;)Ljava/lang/Object; @ 77
Event: 20.232 Thread 0x00007f463c00a000 Uncommon trap: reason=null_check action=make_not_entrant pc=0x00007f46390dcb24 method=org.postgresql.core.v3.QueryExecutorImpl.processResults(Lorg/postgresql/core/ResultHandler;I)V @ 400

Internal exceptions (10 events):
Event: 0.408 Thread 0x00007f463c00a000 Threw 0x00000000cc315a90 at /build/buildd/openjdk-7-7u51-2.4.5/build/openjdk/hotspot/src/share/vm/prims/jvm.cpp:1244
Event: 0.410 Thread 0x00007f463c00a000 Threw 0x00000000cc319978 at /build/buildd/openjdk-7-7u51-2.4.5/build/openjdk/hotspot/src/share/vm/prims/jvm.cpp:1244
Event: 0.410 Thread 0x00007f463c00a000 Threw 0x00000000cc31c568 at /build/buildd/openjdk-7-7u51-2.4.5/build/openjdk/hotspot/src/share/vm/prims/jvm.cpp:1244
Event: 0.411 Thread 0x00007f463c00a000 Threw 0x00000000cc31fc30 at /build/buildd/openjdk-7-7u51-2.4.5/build/openjdk/hotspot/src/share/vm/prims/jvm.cpp:1244
Event: 0.411 Thread 0x00007f463c00a000 Threw 0x00000000cc328ad8 at /build/buildd/openjdk-7-7u51-2.4.5/build/openjdk/hotspot/src/share/vm/prims/jvm.cpp:1244
Event: 0.413 Thread 0x00007f463c00a000 Threw 0x00000000cc32b2e8 at /build/buildd/openjdk-7-7u51-2.4.5/build/openjdk/hotspot/src/share/vm/prims/jvm.cpp:1244
Event: 0.415 Thread 0x00007f463c00a000 Threw 0x00000000cc32e0c8 at /build/buildd/openjdk-7-7u51-2.4.5/build/openjdk/hotspot/src/share/vm/prims/jvm.cpp:1244
Event: 0.425 Thread 0x00007f463c00a000 Threw 0x00000000cc333518 at /build/buildd/openjdk-7-7u51-2.4.5/build/openjdk/hotspot/src/share/vm/prims/jvm.cpp:1244
Event: 10.443 Thread 0x00007f463c00a000 Implicit null exception at 0x00007f46390a0c28 to 0x00007f46390a27b1
Event: 20.232 Thread 0x00007f463c00a000 Implicit null exception at 0x00007f46390db12b to 0x00007f46390dcae9

Events (10 events):
Event: 19.173 Executing VM operation: GenCollectForAllocation
Event: 19.289 Executing VM operation: GenCollectForAllocation done
Event: 19.536 Executing VM operation: GenCollectForAllocation
Event: 19.658 Executing VM operation: GenCollectForAllocation done
Event: 19.906 Executing VM operation: GenCollectForAllocation
Event: 20.032 Executing VM operation: GenCollectForAllocation done
Event: 20.232 Thread 0x00007f463c00a000 Uncommon trap: trap_request=0xfffffff4 fr.pc=0x00007f46390dcb24
Event: 20.232 Thread 0x00007f463c00a000 DEOPT PACKING pc=0x00007f46390dcb24 sp=0x00007f46452e5580
Event: 20.232 Thread 0x00007f463c00a000 DEOPT UNPACKING pc=0x00007f4639039045 sp=0x00007f46452e54f8 mode 2
Event: 20.589 Executing VM operation: GenCollectForAllocation


Dynamic libraries:
00400000-00401000 r-xp 00000000 08:01 134233                             /usr/lib/jvm/java-7-openjdk-amd64/jre/bin/java
00600000-00601000 r--p 00000000 08:01 134233                             /usr/lib/jvm/java-7-openjdk-amd64/jre/bin/java
00601000-00602000 rw-p 00001000 08:01 134233                             /usr/lib/jvm/java-7-openjdk-amd64/jre/bin/java
010ee000-0110f000 rw-p 00000000 00:00 0                                  [heap]
cc000000-cc8c0000 rw-p 00000000 00:00 0 
cc8c0000-cd410000 rw-p 00000000 00:00 0 
cd410000-ce640000 rw-p 00000000 00:00 0 
ce640000-d0160000 rw-p 00000000 00:00 0 
d0160000-d4fc0000 rw-p 00000000 00:00 0 
d4fc0000-d9e00000 rw-p 00000000 00:00 0 
d9e00000-daf80000 rw-p 00000000 00:00 0 
daf80000-dafb0000 rw-p 00000000 00:00 0 
dafb0000-dafe0000 rw-p 00000000 00:00 0 
dafe0000-db010000 rw-p 00000000 00:00 0 
db010000-db040000 rw-p 00000000 00:00 0 
db040000-db070000 rw-p 00000000 00:00 0 
db070000-db0a0000 rw-p 00000000 00:00 0 
db0a0000-db0d0000 rw-p 00000000 00:00 0 
db0d0000-db100000 rw-p 00000000 00:00 0 
db100000-db130000 rw-p 00000000 00:00 0 
db130000-db160000 rw-p 00000000 00:00 0 
db160000-db190000 rw-p 00000000 00:00 0 
db190000-db1c0000 rw-p 00000000 00:00 0 
db1c0000-db1f0000 rw-p 00000000 00:00 0 
db1f0000-db220000 rw-p 00000000 00:00 0 
db220000-db250000 rw-p 00000000 00:00 0 
db250000-db280000 rw-p 00000000 00:00 0 
db280000-db2b0000 rw-p 00000000 00:00 0 
db2b0000-db2e0000 rw-p 00000000 00:00 0 
db2e0000-db310000 rw-p 00000000 00:00 0 
db310000-db340000 rw-p 00000000 00:00 0 
db340000-db370000 rw-p 00000000 00:00 0 
db370000-db3a0000 rw-p 00000000 00:00 0 
db3a0000-db3d0000 rw-p 00000000 00:00 0 
db3d0000-db400000 rw-p 00000000 00:00 0 
db400000-db430000 rw-p 00000000 00:00 0 
db430000-db460000 rw-p 00000000 00:00 0 
db460000-db490000 rw-p 00000000 00:00 0 
db490000-db4c0000 rw-p 00000000 00:00 0 
db4c0000-db4f0000 rw-p 00000000 00:00 0 
db4f0000-db520000 rw-p 00000000 00:00 0 
db520000-db550000 rw-p 00000000 00:00 0 
db550000-db580000 rw-p 00000000 00:00 0 
db580000-db5b0000 rw-p 00000000 00:00 0 
db5b0000-db5e0000 rw-p 00000000 00:00 0 
db5e0000-db610000 rw-p 00000000 00:00 0 
db610000-dc614000 rw-p 00000000 00:00 0 
dc614000-dc644000 rw-p 00000000 00:00 0 
dc644000-dc674000 rw-p 00000000 00:00 0 
dc674000-dc6a4000 rw-p 00000000 00:00 0 
dc6a4000-dc6d4000 rw-p 00000000 00:00 0 
dc6d4000-dc704000 rw-p 00000000 00:00 0 
dc704000-dc734000 rw-p 00000000 00:00 0 
dc734000-dc764000 rw-p 00000000 00:00 0 
dc764000-dc794000 rw-p 00000000 00:00 0 
dc794000-dc7c4000 rw-p 00000000 00:00 0 
dc7c4000-dc7f4000 rw-p 00000000 00:00 0 
dc7f4000-dc824000 rw-p 00000000 00:00 0 
dc824000-dc854000 rw-p 00000000 00:00 0 
dc854000-dc884000 rw-p 00000000 00:00 0 
dc884000-dc8b4000 rw-p 00000000 00:00 0 
dc8b4000-dc8e4000 rw-p 00000000 00:00 0 
dc8e4000-dc914000 rw-p 00000000 00:00 0 
dc914000-dc944000 rw-p 00000000 00:00 0 
dc944000-dc974000 rw-p 00000000 00:00 0 
dc974000-dc9a4000 rw-p 00000000 00:00 0 
dc9a4000-dc9d4000 rw-p 00000000 00:00 0 
dc9d4000-dca04000 rw-p 00000000 00:00 0 
dca04000-dca34000 rw-p 00000000 00:00 0 
dca34000-dca64000 rw-p 00000000 00:00 0 
dca64000-dca94000 rw-p 00000000 00:00 0 
dca94000-dcac4000 rw-p 00000000 00:00 0 
dcac4000-dcaf4000 rw-p 00000000 00:00 0 
dcaf4000-dcb24000 rw-p 00000000 00:00 0 
dcb24000-dcb54000 rw-p 00000000 00:00 0 
dcb54000-dcb84000 rw-p 00000000 00:00 0 
dcb84000-dcbb4000 rw-p 00000000 00:00 0 
dcbb4000-dcbe4000 rw-p 00000000 00:00 0 
dcbe4000-dea62000 rw-p 00000000 00:00 0 
dea62000-deae3000 rw-p 00000000 00:00 0 
deae3000-deb13000 rw-p 00000000 00:00 0 
deb13000-deb43000 rw-p 00000000 00:00 0 
deb43000-deb73000 rw-p 00000000 00:00 0 
deb73000-deba3000 rw-p 00000000 00:00 0 
deba3000-debd3000 rw-p 00000000 00:00 0 
debd3000-dec03000 rw-p 00000000 00:00 0 
dec03000-dec33000 rw-p 00000000 00:00 0 
dec33000-dec63000 rw-p 00000000 00:00 0 
dec63000-e20a5000 rw-p 00000000 00:00 0 
e20a5000-e20d5000 rw-p 00000000 00:00 0 
e20d5000-e2105000 rw-p 00000000 00:00 0 
e2105000-e2135000 rw-p 00000000 00:00 0 
e2135000-e2165000 rw-p 00000000 00:00 0 
e2165000-e2195000 rw-p 00000000 00:00 0 
e2195000-e21c5000 rw-p 00000000 00:00 0 
e21c5000-e21f5000 rw-p 00000000 00:00 0 
e21f5000-e2225000 rw-p 00000000 00:00 0 
e2225000-e2255000 rw-p 00000000 00:00 0 
e2255000-e2285000 rw-p 00000000 00:00 0 
e2285000-e22b5000 rw-p 00000000 00:00 0 
e22b5000-e22e5000 rw-p 00000000 00:00 0 
e22e5000-e2315000 rw-p 00000000 00:00 0 
e2315000-e2345000 rw-p 00000000 00:00 0 
e2345000-e2375000 rw-p 00000000 00:00 0 
e2375000-e23a5000 rw-p 00000000 00:00 0 
e23a5000-e23d5000 rw-p 00000000 00:00 0 
e23d5000-e2405000 rw-p 00000000 00:00 0 
e2405000-e2435000 rw-p 00000000 00:00 0 
e2435000-e2465000 rw-p 00000000 00:00 0 
e2465000-e2495000 rw-p 00000000 00:00 0 
e2495000-e24c5000 rw-p 00000000 00:00 0 
e24c5000-e24f5000 rw-p 00000000 00:00 0 
e24f5000-e2525000 rw-p 00000000 00:00 0 
e2525000-e2555000 rw-p 00000000 00:00 0 
e2555000-e2585000 rw-p 00000000 00:00 0 
e2585000-e25b5000 rw-p 00000000 00:00 0 
e25b5000-e25e5000 rw-p 00000000 00:00 0 
e25e5000-e2615000 rw-p 00000000 00:00 0 
e2615000-e2645000 rw-p 00000000 00:00 0 
e2645000-e2675000 rw-p 00000000 00:00 0 
e2675000-e26a5000 rw-p 00000000 00:00 0 
e26a5000-e26d5000 rw-p 00000000 00:00 0 
e26d5000-e2705000 rw-p 00000000 00:00 0 
e2705000-e2735000 rw-p 00000000 00:00 0 
e2735000-e2765000 rw-p 00000000 00:00 0 
e2765000-e2795000 rw-p 00000000 00:00 0 
e2795000-e27c5000 rw-p 00000000 00:00 0 
e27c5000-e27f5000 rw-p 00000000 00:00 0 
e27f5000-e2825000 rw-p 00000000 00:00 0 
e2825000-e2855000 rw-p 00000000 00:00 0 
e2855000-e2885000 rw-p 00000000 00:00 0 
e2885000-e28b5000 rw-p 00000000 00:00 0 
e28b5000-e28e5000 rw-p 00000000 00:00 0 
e28e5000-e2915000 rw-p 00000000 00:00 0 
e2915000-e2945000 rw-p 00000000 00:00 0 
e2945000-e2975000 rw-p 00000000 00:00 0 
e2975000-e29a5000 rw-p 00000000 00:00 0 
e29a5000-e29d5000 rw-p 00000000 00:00 0 
e29d5000-e2a05000 rw-p 00000000 00:00 0 
e2a05000-e2a35000 rw-p 00000000 00:00 0 
e2a35000-e2a65000 rw-p 00000000 00:00 0 
e2a65000-e2a95000 rw-p 00000000 00:00 0 
e2a95000-e2ac5000 rw-p 00000000 00:00 0 
e2ac5000-e2af5000 rw-p 00000000 00:00 0 
e2af5000-e2b25000 rw-p 00000000 00:00 0 
e2b25000-e2b55000 rw-p 00000000 00:00 0 
e2b55000-e2b85000 rw-p 00000000 00:00 0 
e2b85000-e2bb5000 rw-p 00000000 00:00 0 
e2bb5000-e2be5000 rw-p 00000000 00:00 0 
e2be5000-e2c15000 rw-p 00000000 00:00 0 
e2c15000-e2c45000 rw-p 00000000 00:00 0 
e2c45000-e2c75000 rw-p 00000000 00:00 0 
e2c75000-e2ca5000 rw-p 00000000 00:00 0 
e2ca5000-e2cd5000 rw-p 00000000 00:00 0 
e2cd5000-e2d05000 rw-p 00000000 00:00 0 
e2d05000-e2d35000 rw-p 00000000 00:00 0 
e2d35000-e2d65000 rw-p 00000000 00:00 0 
e2d65000-e2d95000 rw-p 00000000 00:00 0 
e2d95000-e2dc5000 rw-p 00000000 00:00 0 
e2dc5000-e2df5000 rw-p 00000000 00:00 0 
e2df5000-e2e25000 rw-p 00000000 00:00 0 
e2e25000-e2e55000 rw-p 00000000 00:00 0 
e2e55000-e2e85000 rw-p 00000000 00:00 0 
e2e85000-e2eb5000 rw-p 00000000 00:00 0 
e2eb5000-e2ee5000 rw-p 00000000 00:00 0 
e2ee5000-e2f15000 rw-p 00000000 00:00 0 
e2f15000-e2f45000 rw-p 00000000 00:00 0 
e2f45000-e2f75000 rw-p 00000000 00:00 0 
e2f75000-e2fa5000 rw-p 00000000 00:00 0 
e2fa5000-e2fd5000 rw-p 00000000 00:00 0 
e2fd5000-e3005000 rw-p 00000000 00:00 0 
e3005000-e3035000 rw-p 00000000 00:00 0 
e3035000-e3065000 rw-p 00000000 00:00 0 
e3065000-e3095000 rw-p 00000000 00:00 0 
e3095000-e30c5000 rw-p 00000000 00:00 0 
e30c5000-e30f5000 rw-p 00000000 00:00 0 
e30f5000-e3125000 rw-p 00000000 00:00 0 
e3125000-e3155000 rw-p 00000000 00:00 0 
e3155000-e3185000 rw-p 00000000 00:00 0 
e3185000-e31b5000 rw-p 00000000 00:00 0 
e31b5000-e31e5000 rw-p 00000000 00:00 0 
e31e5000-e3215000 rw-p 00000000 00:00 0 
e3215000-e3245000 rw-p 00000000 00:00 0 
e3245000-e3275000 rw-p 00000000 00:00 0 
e3275000-e32a5000 rw-p 00000000 00:00 0 
e32a5000-e32d5000 rw-p 00000000 00:00 0 
e32d5000-e3305000 rw-p 00000000 00:00 0 
e3305000-e3335000 rw-p 00000000 00:00 0 
e3335000-e3365000 rw-p 00000000 00:00 0 
e3365000-e3395000 rw-p 00000000 00:00 0 
e3395000-e33c5000 rw-p 00000000 00:00 0 
e33c5000-e33f5000 rw-p 00000000 00:00 0 
e33f5000-e3425000 rw-p 00000000 00:00 0 
e3425000-e3455000 rw-p 00000000 00:00 0 
e3455000-e3485000 rw-p 00000000 00:00 0 
e3485000-e34b5000 rw-p 00000000 00:00 0 
e34b5000-e34e5000 rw-p 00000000 00:00 0 
e34e5000-e3515000 rw-p 00000000 00:00 0 
e3515000-e3545000 rw-p 00000000 00:00 0 
e3545000-e3575000 rw-p 00000000 00:00 0 
e3575000-e35a5000 rw-p 00000000 00:00 0 
e35a5000-e35d5000 rw-p 00000000 00:00 0 
e35d5000-e3605000 rw-p 00000000 00:00 0 
e3605000-e3635000 rw-p 00000000 00:00 0 
e3635000-e3665000 rw-p 00000000 00:00 0 
e3665000-e3695000 rw-p 00000000 00:00 0 
e3695000-e36c5000 rw-p 00000000 00:00 0 
e36c5000-e36f5000 rw-p 00000000 00:00 0 
e36f5000-e3725000 rw-p 00000000 00:00 0 
e3725000-e3755000 rw-p 00000000 00:00 0 
e3755000-e3785000 rw-p 00000000 00:00 0 
e3785000-e37b5000 rw-p 00000000 00:00 0 
e37b5000-e37e5000 rw-p 00000000 00:00 0 
e37e5000-e3815000 rw-p 00000000 00:00 0 
e3815000-e3845000 rw-p 00000000 00:00 0 
e3845000-e3875000 rw-p 00000000 00:00 0 
e3875000-e38a5000 rw-p 00000000 00:00 0 
e38a5000-e38d5000 rw-p 00000000 00:00 0 
e38d5000-e3905000 rw-p 00000000 00:00 0 
e3905000-e3935000 rw-p 00000000 00:00 0 
e3935000-e3965000 rw-p 00000000 00:00 0 
e3965000-e3995000 rw-p 00000000 00:00 0 
e3995000-e39c5000 rw-p 00000000 00:00 0 
e39c5000-e39f5000 rw-p 00000000 00:00 0 
e39f5000-e3a25000 rw-p 00000000 00:00 0 
e3a25000-e3a55000 rw-p 00000000 00:00 0 
e3a55000-e3a85000 rw-p 00000000 00:00 0 
e3a85000-e3ab5000 rw-p 00000000 00:00 0 
e3ab5000-e3ae5000 rw-p 00000000 00:00 0 
e3ae5000-e3b15000 rw-p 00000000 00:00 0 
e3b15000-e3b45000 rw-p 00000000 00:00 0 
e3b45000-e3b75000 rw-p 00000000 00:00 0 
e3b75000-e3ba5000 rw-p 00000000 00:00 0 
e3ba5000-e3bd5000 rw-p 00000000 00:00 0 
e3bd5000-e3c05000 rw-p 00000000 00:00 0 
e3c05000-e3c35000 rw-p 00000000 00:00 0 
e3c35000-e3c65000 rw-p 00000000 00:00 0 
e3c65000-e3c95000 rw-p 00000000 00:00 0 
e3c95000-e3cc5000 rw-p 00000000 00:00 0 
e3cc5000-e3cf5000 rw-p 00000000 00:00 0 
e3cf5000-e3d25000 rw-p 00000000 00:00 0 
e3d25000-e3d55000 rw-p 00000000 00:00 0 
e3d55000-e3d85000 rw-p 00000000 00:00 0 
e3d85000-e3db5000 rw-p 00000000 00:00 0 
e3db5000-e3de5000 rw-p 00000000 00:00 0 
e3de5000-e3e15000 rw-p 00000000 00:00 0 
e3e15000-e3e45000 rw-p 00000000 00:00 0 
e3e45000-e3e75000 rw-p 00000000 00:00 0 
e3e75000-e3ea5000 rw-p 00000000 00:00 0 
e3ea5000-e3ed5000 rw-p 00000000 00:00 0 
e3ed5000-e3f05000 rw-p 00000000 00:00 0 
e3f05000-e3f35000 rw-p 00000000 00:00 0 
e3f35000-e3f65000 rw-p 00000000 00:00 0 
e3f65000-e3f95000 rw-p 00000000 00:00 0 
e3f95000-e3fc5000 rw-p 00000000 00:00 0 
e3fc5000-e3ff5000 rw-p 00000000 00:00 0 
e3ff5000-e4025000 rw-p 00000000 00:00 0 
e4025000-e4055000 rw-p 00000000 00:00 0 
e4055000-e4085000 rw-p 00000000 00:00 0 
e4085000-e40b5000 rw-p 00000000 00:00 0 
e40b5000-e40e5000 rw-p 00000000 00:00 0 
e40e5000-e4115000 rw-p 00000000 00:00 0 
e4115000-e4145000 rw-p 00000000 00:00 0 
e4145000-e4175000 rw-p 00000000 00:00 0 
e4175000-e41a5000 rw-p 00000000 00:00 0 
e41a5000-e41d5000 rw-p 00000000 00:00 0 
e41d5000-e4205000 rw-p 00000000 00:00 0 
e4205000-e4235000 rw-p 00000000 00:00 0 
e4235000-e4265000 rw-p 00000000 00:00 0 
e4265000-e4295000 rw-p 00000000 00:00 0 
e4295000-e42c5000 rw-p 00000000 00:00 0 
e42c5000-e42f5000 rw-p 00000000 00:00 0 
e42f5000-e4325000 rw-p 00000000 00:00 0 
e4325000-e4355000 rw-p 00000000 00:00 0 
e4355000-e4385000 rw-p 00000000 00:00 0 
e4385000-e43b5000 rw-p 00000000 00:00 0 
e43b5000-e43e5000 rw-p 00000000 00:00 0 
e43e5000-e4415000 rw-p 00000000 00:00 0 
e4415000-e4445000 rw-p 00000000 00:00 0 
e4445000-e4475000 rw-p 00000000 00:00 0 
e4475000-e44a5000 rw-p 00000000 00:00 0 
e44a5000-e44d5000 rw-p 00000000 00:00 0 
e44d5000-e4505000 rw-p 00000000 00:00 0 
e4505000-e4535000 rw-p 00000000 00:00 0 
e4535000-e4565000 rw-p 00000000 00:00 0 
e4565000-e4595000 rw-p 00000000 00:00 0 
e4595000-e45c5000 rw-p 00000000 00:00 0 
e45c5000-e45f5000 rw-p 00000000 00:00 0 
e45f5000-e4625000 rw-p 00000000 00:00 0 
e4625000-e4655000 rw-p 00000000 00:00 0 
e4655000-e4685000 rw-p 00000000 00:00 0 
e4685000-e46b5000 rw-p 00000000 00:00 0 
e46b5000-e46e5000 rw-p 00000000 00:00 0 
e46e5000-e4715000 rw-p 00000000 00:00 0 
e4715000-e4745000 rw-p 00000000 00:00 0 
e4745000-e4775000 rw-p 00000000 00:00 0 
e4775000-e47a5000 rw-p 00000000 00:00 0 
e47a5000-e47d5000 rw-p 00000000 00:00 0 
e47d5000-e4805000 rw-p 00000000 00:00 0 
e4805000-e4835000 rw-p 00000000 00:00 0 
e4835000-e4865000 rw-p 00000000 00:00 0 
e4865000-e4895000 rw-p 00000000 00:00 0 
e4895000-e48c5000 rw-p 00000000 00:00 0 
e48c5000-e48f5000 rw-p 00000000 00:00 0 
e48f5000-e4925000 rw-p 00000000 00:00 0 
e4925000-e4955000 rw-p 00000000 00:00 0 
e4955000-e4985000 rw-p 00000000 00:00 0 
e4985000-e49b5000 rw-p 00000000 00:00 0 
e49b5000-e49e5000 rw-p 00000000 00:00 0 
e49e5000-e4a15000 rw-p 00000000 00:00 0 
e4a15000-e4a45000 rw-p 00000000 00:00 0 
e4a45000-e4a75000 rw-p 00000000 00:00 0 
e4a75000-ebd6e000 rw-p 00000000 00:00 0 
ebd6e000-ebd9e000 rw-p 00000000 00:00 0 
ebd9e000-ebdce000 rw-p 00000000 00:00 0 
ebdce000-ebdfe000 rw-p 00000000 00:00 0 
ebdfe000-ebe2e000 rw-p 00000000 00:00 0 
ebe2e000-ebe5e000 rw-p 00000000 00:00 0 
ebe5e000-ebe8e000 rw-p 00000000 00:00 0 
ebe8e000-ebebe000 rw-p 00000000 00:00 0 
ebebe000-ebeee000 rw-p 00000000 00:00 0 
ebeee000-ebf1e000 rw-p 00000000 00:00 0 
ebf1e000-ebf4e000 rw-p 00000000 00:00 0 
ebf4e000-ebf7e000 rw-p 00000000 00:00 0 
ebf7e000-ebfae000 rw-p 00000000 00:00 0 
ebfae000-ebfde000 rw-p 00000000 00:00 0 
ebfde000-ec00e000 rw-p 00000000 00:00 0 
ec00e000-ec03e000 rw-p 00000000 00:00 0 
ec03e000-ec06e000 rw-p 00000000 00:00 0 
ec06e000-ec09e000 rw-p 00000000 00:00 0 
ec09e000-ec0ce000 rw-p 00000000 00:00 0 
ec0ce000-ec0fe000 rw-p 00000000 00:00 0 
ec0fe000-ec12e000 rw-p 00000000 00:00 0 
ec12e000-ec15e000 rw-p 00000000 00:00 0 
ec15e000-ec18e000 rw-p 00000000 00:00 0 
ec18e000-ec1be000 rw-p 00000000 00:00 0 
ec1be000-ec1ee000 rw-p 00000000 00:00 0 
ec1ee000-ec21e000 rw-p 00000000 00:00 0 
ec21e000-ec24e000 rw-p 00000000 00:00 0 
ec24e000-ec27e000 rw-p 00000000 00:00 0 
ec27e000-ec2ae000 rw-p 00000000 00:00 0 
ec2ae000-ec2de000 rw-p 00000000 00:00 0 
ec2de000-ec30e000 rw-p 00000000 00:00 0 
ec30e000-ec33e000 rw-p 00000000 00:00 0 
ec33e000-ec36e000 rw-p 00000000 00:00 0 
ec36e000-ec39e000 rw-p 00000000 00:00 0 
ec39e000-ec3ce000 rw-p 00000000 00:00 0 
ec3ce000-ec3fe000 rw-p 00000000 00:00 0 
ec3fe000-ec42e000 rw-p 00000000 00:00 0 
ec42e000-ec45e000 rw-p 00000000 00:00 0 
ec45e000-ec48e000 rw-p 00000000 00:00 0 
ec48e000-ec4be000 rw-p 00000000 00:00 0 
ec4be000-ec4ee000 rw-p 00000000 00:00 0 
ec4ee000-ec51e000 rw-p 00000000 00:00 0 
ec51e000-ec54e000 rw-p 00000000 00:00 0 
ec54e000-ec57e000 rw-p 00000000 00:00 0 
ec57e000-ec5ae000 rw-p 00000000 00:00 0 
ec5ae000-ec5de000 rw-p 00000000 00:00 0 
ec5de000-ec60e000 rw-p 00000000 00:00 0 
ec60e000-ec63e000 rw-p 00000000 00:00 0 
ec63e000-ec66e000 rw-p 00000000 00:00 0 
ec66e000-ec69e000 rw-p 00000000 00:00 0 
ec69e000-ec6ce000 rw-p 00000000 00:00 0 
ec6ce000-ec6fe000 rw-p 00000000 00:00 0 
ec6fe000-ec72e000 rw-p 00000000 00:00 0 
ec72e000-ec75e000 rw-p 00000000 00:00 0 
ec75e000-ec78e000 rw-p 00000000 00:00 0 
ec78e000-ec7be000 rw-p 00000000 00:00 0 
ec7be000-ec7ee000 rw-p 00000000 00:00 0 
ec7ee000-ec81e000 rw-p 00000000 00:00 0 
ec81e000-ec84e000 rw-p 00000000 00:00 0 
ec84e000-ec87e000 rw-p 00000000 00:00 0 
ec87e000-ec8ae000 rw-p 00000000 00:00 0 
ec8ae000-ec8de000 rw-p 00000000 00:00 0 
ec8de000-ec90e000 rw-p 00000000 00:00 0 
ec90e000-ec93e000 rw-p 00000000 00:00 0 
ec93e000-ec96e000 rw-p 00000000 00:00 0 
ec96e000-ec99e000 rw-p 00000000 00:00 0 
ec99e000-ec9ce000 rw-p 00000000 00:00 0 
ec9ce000-ec9fe000 rw-p 00000000 00:00 0 
ec9fe000-eca2e000 rw-p 00000000 00:00 0 
eca2e000-eca5e000 rw-p 00000000 00:00 0 
eca5e000-eca8e000 rw-p 00000000 00:00 0 
eca8e000-ecabe000 rw-p 00000000 00:00 0 
ecabe000-ecaee000 rw-p 00000000 00:00 0 
ecaee000-ecb1e000 rw-p 00000000 00:00 0 
ecb1e000-ecb4e000 rw-p 00000000 00:00 0 
ecb4e000-ecb7e000 rw-p 00000000 00:00 0 
ecb7e000-ecbae000 rw-p 00000000 00:00 0 
ecbae000-ecbde000 rw-p 00000000 00:00 0 
ecbde000-ecc0e000 rw-p 00000000 00:00 0 
ecc0e000-ecc3e000 rw-p 00000000 00:00 0 
ecc3e000-ecc6e000 rw-p 00000000 00:00 0 
ecc6e000-ecc9e000 rw-p 00000000 00:00 0 
ecc9e000-eccce000 rw-p 00000000 00:00 0 
eccce000-eccfe000 rw-p 00000000 00:00 0 
eccfe000-ecd2e000 rw-p 00000000 00:00 0 
ecd2e000-ecd5e000 rw-p 00000000 00:00 0 
ecd5e000-ecd8e000 rw-p 00000000 00:00 0 
ecd8e000-ecdbe000 rw-p 00000000 00:00 0 
ecdbe000-ecdee000 rw-p 00000000 00:00 0 
ecdee000-ece1e000 rw-p 00000000 00:00 0 
ece1e000-ece4e000 rw-p 00000000 00:00 0 
ece4e000-ece7e000 rw-p 00000000 00:00 0 
ece7e000-eceae000 rw-p 00000000 00:00 0 
f5a00000-f6ec0000 rw-p 00000000 00:00 0 
f6ec0000-100000000 rw-p 00000000 00:00 0 
7f461c000000-7f461d9b6000 rw-p 00000000 00:00 0 
7f461d9b6000-7f4620000000 ---p 00000000 00:00 0 
7f4620000000-7f4620021000 rw-p 00000000 00:00 0 
7f4620021000-7f4624000000 ---p 00000000 00:00 0 
7f4624000000-7f4624021000 rw-p 00000000 00:00 0 
7f4624021000-7f4628000000 ---p 00000000 00:00 0 
7f4628000000-7f4628a00000 rw-p 00000000 00:00 0 
7f4628a00000-7f462c000000 ---p 00000000 00:00 0 
7f462c000000-7f462c021000 rw-p 00000000 00:00 0 
7f462c021000-7f4630000000 ---p 00000000 00:00 0 
7f4630000000-7f4630021000 rw-p 00000000 00:00 0 
7f4630021000-7f4634000000 ---p 00000000 00:00 0 
7f4634000000-7f4634256000 rw-p 00000000 00:00 0 
7f4634256000-7f4638000000 ---p 00000000 00:00 0 
7f463874b000-7f463877c000 rw-p 00000000 00:00 0 
7f463877c000-7f46387b9000 r-xp 00000000 08:01 2219                       /lib/x86_64-linux-gnu/libpcre.so.3.13.1
7f46387b9000-7f46389b8000 ---p 0003d000 08:01 2219                       /lib/x86_64-linux-gnu/libpcre.so.3.13.1
7f46389b8000-7f46389b9000 r--p 0003c000 08:01 2219                       /lib/x86_64-linux-gnu/libpcre.so.3.13.1
7f46389b9000-7f46389ba000 rw-p 0003d000 08:01 2219                       /lib/x86_64-linux-gnu/libpcre.so.3.13.1
7f46389ba000-7f46389c1000 r-xp 00000000 08:01 4480                       /usr/lib/x86_64-linux-gnu/libffi.so.6.0.1
7f46389c1000-7f4638bc0000 ---p 00007000 08:01 4480                       /usr/lib/x86_64-linux-gnu/libffi.so.6.0.1
7f4638bc0000-7f4638bc1000 r--p 00006000 08:01 4480                       /usr/lib/x86_64-linux-gnu/libffi.so.6.0.1
7f4638bc1000-7f4638bc2000 rw-p 00007000 08:01 4480                       /usr/lib/x86_64-linux-gnu/libffi.so.6.0.1
7f4638bc2000-7f4638bd9000 r-xp 00000000 08:01 2107                       /lib/x86_64-linux-gnu/libresolv-2.18.so
7f4638bd9000-7f4638dd9000 ---p 00017000 08:01 2107                       /lib/x86_64-linux-gnu/libresolv-2.18.so
7f4638dd9000-7f4638dda000 r--p 00017000 08:01 2107                       /lib/x86_64-linux-gnu/libresolv-2.18.so
7f4638dda000-7f4638ddb000 rw-p 00018000 08:01 2107                       /lib/x86_64-linux-gnu/libresolv-2.18.so
7f4638ddb000-7f4638ddd000 rw-p 00000000 00:00 0 
7f4638ddd000-7f4638dfd000 r-xp 00000000 08:01 2104                       /lib/x86_64-linux-gnu/libselinux.so.1
7f4638dfd000-7f4638ffc000 ---p 00020000 08:01 2104                       /lib/x86_64-linux-gnu/libselinux.so.1
7f4638ffc000-7f4638ffd000 r--p 0001f000 08:01 2104                       /lib/x86_64-linux-gnu/libselinux.so.1
7f4638ffd000-7f4638ffe000 rw-p 00020000 08:01 2104                       /lib/x86_64-linux-gnu/libselinux.so.1
7f4638ffe000-7f4639000000 rw-p 00000000 00:00 0 
7f4639000000-7f4639270000 rwxp 00000000 00:00 0 
7f4639270000-7f463c000000 rw-p 00000000 00:00 0 
7f463c000000-7f463c1f7000 rw-p 00000000 00:00 0 
7f463c1f7000-7f4640000000 ---p 00000000 00:00 0 
7f4640019000-7f464001c000 r-xp 00000000 08:01 4479                       /usr/lib/x86_64-linux-gnu/libgmodule-2.0.so.0.3903.0
7f464001c000-7f464021b000 ---p 00003000 08:01 4479                       /usr/lib/x86_64-linux-gnu/libgmodule-2.0.so.0.3903.0
7f464021b000-7f464021c000 r--p 00002000 08:01 4479                       /usr/lib/x86_64-linux-gnu/libgmodule-2.0.so.0.3903.0
7f464021c000-7f464021d000 rw-p 00003000 08:01 4479                       /usr/lib/x86_64-linux-gnu/libgmodule-2.0.so.0.3903.0
7f464021d000-7f464031c000 r-xp 00000000 08:01 2124                       /lib/x86_64-linux-gnu/libglib-2.0.so.0.3903.0
7f464031c000-7f464051c000 ---p 000ff000 08:01 2124                       /lib/x86_64-linux-gnu/libglib-2.0.so.0.3903.0
7f464051c000-7f464051d000 r--p 000ff000 08:01 2124                       /lib/x86_64-linux-gnu/libglib-2.0.so.0.3903.0
7f464051d000-7f464051e000 rw-p 00100000 08:01 2124                       /lib/x86_64-linux-gnu/libglib-2.0.so.0.3903.0
7f464051e000-7f464051f000 rw-p 00000000 00:00 0 
7f464051f000-7f464056e000 r-xp 00000000 08:01 4460                       /usr/lib/x86_64-linux-gnu/libgobject-2.0.so.0.3903.0
7f464056e000-7f464076e000 ---p 0004f000 08:01 4460                       /usr/lib/x86_64-linux-gnu/libgobject-2.0.so.0.3903.0
7f464076e000-7f464076f000 r--p 0004f000 08:01 4460                       /usr/lib/x86_64-linux-gnu/libgobject-2.0.so.0.3903.0
7f464076f000-7f4640770000 rw-p 00050000 08:01 4460                       /usr/lib/x86_64-linux-gnu/libgobject-2.0.so.0.3903.0
7f4640770000-7f46408da000 r-xp 00000000 08:01 4101                       /usr/lib/x86_64-linux-gnu/libgio-2.0.so.0.3903.0
7f46408da000-7f4640ada000 ---p 0016a000 08:01 4101                       /usr/lib/x86_64-linux-gnu/libgio-2.0.so.0.3903.0
7f4640ada000-7f4640ade000 r--p 0016a000 08:01 4101                       /usr/lib/x86_64-linux-gnu/libgio-2.0.so.0.3903.0
7f4640ade000-7f4640ae0000 rw-p 0016e000 08:01 4101                       /usr/lib/x86_64-linux-gnu/libgio-2.0.so.0.3903.0
7f4640ae0000-7f4640ae2000 rw-p 00000000 00:00 0 
7f4640ae4000-7f4640ae5000 rw-p 00000000 00:00 0 
7f4640ae5000-7f4640aea000 r--s 0004c000 08:01 134310                     /usr/lib/jvm/java-7-openjdk-amd64/jre/lib/jsse.jar
7f4640aea000-7f4640b00000 r-xp 00000000 08:01 134294                     /usr/lib/jvm/java-7-openjdk-amd64/jre/lib/amd64/libnet.so
7f4640b00000-7f4640d00000 ---p 00016000 08:01 134294                     /usr/lib/jvm/java-7-openjdk-amd64/jre/lib/amd64/libnet.so
7f4640d00000-7f4640d01000 r--p 00016000 08:01 134294                     /usr/lib/jvm/java-7-openjdk-amd64/jre/lib/amd64/libnet.so
7f4640d01000-7f4640d02000 rw-p 00017000 08:01 134294                     /usr/lib/jvm/java-7-openjdk-amd64/jre/lib/amd64/libnet.so
7f4640d02000-7f4640d12000 r-xp 00000000 08:01 134306                     /usr/lib/jvm/java-7-openjdk-amd64/jre/lib/amd64/libnio.so
7f4640d12000-7f4640f12000 ---p 00010000 08:01 134306                     /usr/lib/jvm/java-7-openjdk-amd64/jre/lib/amd64/libnio.so
7f4640f12000-7f4640f13000 r--p 00010000 08:01 134306                     /usr/lib/jvm/java-7-openjdk-amd64/jre/lib/amd64/libnio.so
7f4640f13000-7f4640f14000 rw-p 00011000 08:01 134306                     /usr/lib/jvm/java-7-openjdk-amd64/jre/lib/amd64/libnio.so
7f4640f14000-7f4640f1b000 r--s 00089000 08:01 23711                      /usr/share/java/postgresql-9.3-1100.jdbc41.jar
7f4640f1b000-7f4640f1e000 r--s 00032000 08:01 134247                     /usr/lib/jvm/java-7-openjdk-amd64/jre/lib/ext/sunjce_provider.jar
7f4640f1e000-7f4640f20000 r--s 00012000 08:01 134246                     /usr/lib/jvm/java-7-openjdk-amd64/jre/lib/ext/zipfs.jar
7f4640f20000-7f4640f24000 r--s 00085000 08:01 134244                     /usr/lib/jvm/java-7-openjdk-amd64/jre/lib/ext/localedata.jar
7f4640f24000-7f4640f28000 r--s 0003b000 08:01 134242                     /usr/lib/jvm/java-7-openjdk-amd64/jre/lib/ext/sunpkcs11.jar
7f4640f28000-7f4640f29000 ---p 00000000 00:00 0 
7f4640f29000-7f4641029000 rw-p 00000000 00:00 0                          [stack:58795]
7f4641029000-7f464102c000 ---p 00000000 00:00 0 
7f464102c000-7f464112a000 rw-p 00000000 00:00 0                          [stack:58794]
7f464112a000-7f464112d000 ---p 00000000 00:00 0 
7f464112d000-7f464122b000 rw-p 00000000 00:00 0                          [stack:58793]
7f464122b000-7f464122e000 ---p 00000000 00:00 0 
7f464122e000-7f464132c000 rw-p 00000000 00:00 0                          [stack:58792]
7f464132c000-7f464132f000 ---p 00000000 00:00 0 
7f464132f000-7f464142d000 rw-p 00000000 00:00 0                          [stack:58791]
7f464142d000-7f46415b6000 r--p 00000000 08:01 66194                      /usr/lib/locale/locale-archive
7f46415b6000-7f46415b9000 ---p 00000000 00:00 0 
7f46415b9000-7f46416b7000 rw-p 00000000 00:00 0                          [stack:58790]
7f46416b7000-7f46416ba000 ---p 00000000 00:00 0 
7f46416ba000-7f46417b8000 rw-p 00000000 00:00 0                          [stack:58789]
7f46417b8000-7f46417b9000 ---p 00000000 00:00 0 
7f46417b9000-7f46418b9000 rw-p 00000000 00:00 0                          [stack:58788]
7f46418b9000-7f4641901000 rw-p 00000000 00:00 0 
7f4641901000-7f4641aaf000 r--s 01cf4000 08:01 134254                     /usr/lib/jvm/java-7-openjdk-amd64/jre/lib/rt.jar
7f4641aaf000-7f4641b25000 rw-p 00000000 00:00 0 
7f4641b25000-7f4641b80000 rw-p 00000000 00:00 0 
7f4641b80000-7f4641b8b000 rw-p 00000000 00:00 0 
7f4641b8b000-7f4641bd4000 rw-p 00000000 00:00 0 
7f4641bd4000-7f4641bdd000 rw-p 00000000 00:00 0 
7f4641bdd000-7f4641bde000 rw-p 00000000 00:00 0 
7f4641bde000-7f4641bdf000 rw-p 00000000 00:00 0 
7f4641bdf000-7f4641be0000 rw-p 00000000 00:00 0 
7f4641be0000-7f4641be1000 rw-p 00000000 00:00 0 
7f4641be1000-7f4641be9000 rw-p 00000000 00:00 0 
7f4641be9000-7f4641bea000 rw-p 00000000 00:00 0 
7f4641bea000-7f4641beb000 rw-p 00000000 00:00 0 
7f4641beb000-7f4641bfb000 rw-p 00000000 00:00 0 
7f4641bfb000-7f4641bfc000 rw-p 00000000 00:00 0 
7f4641bfc000-7f4641c16000 rw-p 00000000 00:00 0 
7f4641c16000-7f4641c17000 rw-p 00000000 00:00 0 
7f4641c17000-7f4641c18000 rw-p 00000000 00:00 0 
7f4641c18000-7f4641c19000 rw-p 00000000 00:00 0 
7f4641c19000-7f4641c1a000 rw-p 00000000 00:00 0 
7f4641c1a000-7f4641c1b000 rw-p 00000000 00:00 0 
7f4641c1b000-7f4641c1c000 rw-p 00000000 00:00 0 
7f4641c1c000-7f4641c1d000 rw-p 00000000 00:00 0 
7f4641c1d000-7f4641c1e000 rw-p 00000000 00:00 0 
7f4641c1e000-7f4641c1f000 rw-p 00000000 00:00 0 
7f4641c1f000-7f4641c20000 rw-p 00000000 00:00 0 
7f4641c20000-7f4641c21000 rw-p 00000000 00:00 0 
7f4641c21000-7f4641c22000 rw-p 00000000 00:00 0 
7f4641c22000-7f4641c23000 rw-p 00000000 00:00 0 
7f4641c23000-7f4641c24000 rw-p 00000000 00:00 0 
7f4641c24000-7f4641c25000 rw-p 00000000 00:00 0 
7f4641c25000-7f4641c26000 rw-p 00000000 00:00 0 
7f4641c26000-7f4641c27000 rw-p 00000000 00:00 0 
7f4641c27000-7f4641c28000 rw-p 00000000 00:00 0 
7f4641c28000-7f4641c29000 rw-p 00000000 00:00 0 
7f4641c29000-7f4641c2a000 rw-p 00000000 00:00 0 
7f4641c2a000-7f4641c2b000 rw-p 00000000 00:00 0 
7f4641c2b000-7f4641c64000 rw-p 00000000 00:00 0 
7f4641c64000-7f4641c65000 rw-p 00000000 00:00 0 
7f4641c65000-7f4641c66000 rw-p 00000000 00:00 0 
7f4641c66000-7f4641c67000 rw-p 00000000 00:00 0 
7f4641c67000-7f4641c68000 rw-p 00000000 00:00 0 
7f4641c68000-7f4641c69000 rw-p 00000000 00:00 0 
7f4641c69000-7f4641c6a000 rw-p 00000000 00:00 0 
7f4641c6a000-7f4641c6b000 rw-p 00000000 00:00 0 
7f4641c6b000-7f4641c6c000 rw-p 00000000 00:00 0 
7f4641c6c000-7f4641c6d000 rw-p 00000000 00:00 0 
7f4641c6d000-7f4641cb3000 rw-p 00000000 00:00 0 
7f4641cb3000-7f4641cb8000 rw-p 00000000 00:00 0 
7f4641cb8000-7f4641cbe000 rw-p 00000000 00:00 0 
7f4641cbe000-7f4641cc7000 rw-p 00000000 00:00 0 
7f4641cc7000-7f4641cd4000 rw-p 00000000 00:00 0 
7f4641cd4000-7f4641cfb000 rw-p 00000000 00:00 0 
7f4641cfb000-7f4641d22000 rw-p 00000000 00:00 0 
7f4641d22000-7f4641d2b000 rw-p 00000000 00:00 0 
7f4641d2b000-7f4641d2c000 rw-p 00000000 00:00 0 
7f4641d2c000-7f4641d2d000 rw-p 00000000 00:00 0 
7f4641d2d000-7f4641d2e000 rw-p 00000000 00:00 0 
7f4641d2e000-7f4641d2f000 rw-p 00000000 00:00 0 
7f4641d2f000-7f4641d37000 rw-p 00000000 00:00 0 
7f4641d37000-7f4641d38000 rw-p 00000000 00:00 0 
7f4641d38000-7f4641d39000 rw-p 00000000 00:00 0 
7f4641d39000-7f4641d49000 rw-p 00000000 00:00 0 
7f4641d49000-7f4641d4a000 rw-p 00000000 00:00 0 
7f4641d4a000-7f4641d64000 rw-p 00000000 00:00 0 
7f4641d64000-7f4641d65000 rw-p 00000000 00:00 0 
7f4641d65000-7f4641d66000 rw-p 00000000 00:00 0 
7f4641d66000-7f4641d67000 rw-p 00000000 00:00 0 
7f4641d67000-7f4641d68000 rw-p 00000000 00:00 0 
7f4641d68000-7f4641d69000 rw-p 00000000 00:00 0 
7f4641d69000-7f4641d6a000 rw-p 00000000 00:00 0 
7f4641d6a000-7f4641d6b000 rw-p 00000000 00:00 0 
7f4641d6b000-7f4641d6c000 rw-p 00000000 00:00 0 
7f4641d6c000-7f4641d6d000 rw-p 00000000 00:00 0 
7f4641d6d000-7f4641d6e000 rw-p 00000000 00:00 0 
7f4641d6e000-7f4641d6f000 rw-p 00000000 00:00 0 
7f4641d6f000-7f4641d70000 rw-p 00000000 00:00 0 
7f4641d70000-7f4641d71000 rw-p 00000000 00:00 0 
7f4641d71000-7f4641d72000 rw-p 00000000 00:00 0 
7f4641d72000-7f4641d73000 rw-p 00000000 00:00 0 
7f4641d73000-7f4641d74000 rw-p 00000000 00:00 0 
7f4641d74000-7f4641d75000 rw-p 00000000 00:00 0 
7f4641d75000-7f4641d76000 rw-p 00000000 00:00 0 
7f4641d76000-7f4641d77000 rw-p 00000000 00:00 0 
7f4641d77000-7f4641d78000 rw-p 00000000 00:00 0 
7f4641d78000-7f4641d79000 rw-p 00000000 00:00 0 
7f4641d79000-7f4641db2000 rw-p 00000000 00:00 0 
7f4641db2000-7f4641db3000 rw-p 00000000 00:00 0 
7f4641db3000-7f4641db4000 rw-p 00000000 00:00 0 
7f4641db4000-7f4641db5000 rw-p 00000000 00:00 0 
7f4641db5000-7f4641db6000 rw-p 00000000 00:00 0 
7f4641db6000-7f4641db7000 rw-p 00000000 00:00 0 
7f4641db7000-7f4641db8000 rw-p 00000000 00:00 0 
7f4641db8000-7f4641db9000 rw-p 00000000 00:00 0 
7f4641db9000-7f4641dba000 rw-p 00000000 00:00 0 
7f4641dba000-7f4641dbb000 rw-p 00000000 00:00 0 
7f4641dbb000-7f4641e00000 rw-p 00000000 00:00 0 
7f4641e00000-7f4641e0b000 rw-p 00000000 00:00 0 
7f4641e0b000-7f4641e53000 rw-p 00000000 00:00 0 
7f4641e53000-7f4641e54000 rw-p 00000000 00:00 0 
7f4641e54000-7f4641e5c000 r-xp 00000000 08:01 134291                     /usr/lib/jvm/java-7-openjdk-amd64/jre/lib/amd64/libzip.so
7f4641e5c000-7f464205b000 ---p 00008000 08:01 134291                     /usr/lib/jvm/java-7-openjdk-amd64/jre/lib/amd64/libzip.so
7f464205b000-7f464205c000 r--p 00007000 08:01 134291                     /usr/lib/jvm/java-7-openjdk-amd64/jre/lib/amd64/libzip.so
7f464205c000-7f464205d000 rw-p 00008000 08:01 134291                     /usr/lib/jvm/java-7-openjdk-amd64/jre/lib/amd64/libzip.so
7f464205d000-7f4642069000 r-xp 00000000 08:01 2220                       /lib/x86_64-linux-gnu/libnss_files-2.18.so
7f4642069000-7f4642268000 ---p 0000c000 08:01 2220                       /lib/x86_64-linux-gnu/libnss_files-2.18.so
7f4642268000-7f4642269000 r--p 0000b000 08:01 2220                       /lib/x86_64-linux-gnu/libnss_files-2.18.so
7f4642269000-7f464226a000 rw-p 0000c000 08:01 2220                       /lib/x86_64-linux-gnu/libnss_files-2.18.so
7f464226a000-7f4642275000 r-xp 00000000 08:01 2125                       /lib/x86_64-linux-gnu/libnss_nis-2.18.so
7f4642275000-7f4642474000 ---p 0000b000 08:01 2125                       /lib/x86_64-linux-gnu/libnss_nis-2.18.so
7f4642474000-7f4642475000 r--p 0000a000 08:01 2125                       /lib/x86_64-linux-gnu/libnss_nis-2.18.so
7f4642475000-7f4642476000 rw-p 0000b000 08:01 2125                       /lib/x86_64-linux-gnu/libnss_nis-2.18.so
7f4642476000-7f464248d000 r-xp 00000000 08:01 2115                       /lib/x86_64-linux-gnu/libnsl-2.18.so
7f464248d000-7f464268c000 ---p 00017000 08:01 2115                       /lib/x86_64-linux-gnu/libnsl-2.18.so
7f464268c000-7f464268d000 r--p 00016000 08:01 2115                       /lib/x86_64-linux-gnu/libnsl-2.18.so
7f464268d000-7f464268e000 rw-p 00017000 08:01 2115                       /lib/x86_64-linux-gnu/libnsl-2.18.so
7f464268e000-7f4642690000 rw-p 00000000 00:00 0 
7f4642690000-7f4642699000 r-xp 00000000 08:01 2250                       /lib/x86_64-linux-gnu/libnss_compat-2.18.so
7f4642699000-7f4642898000 ---p 00009000 08:01 2250                       /lib/x86_64-linux-gnu/libnss_compat-2.18.so
7f4642898000-7f4642899000 r--p 00008000 08:01 2250                       /lib/x86_64-linux-gnu/libnss_compat-2.18.so
7f4642899000-7f464289a000 rw-p 00009000 08:01 2250                       /lib/x86_64-linux-gnu/libnss_compat-2.18.so
7f464289a000-7f46428c5000 r-xp 00000000 08:01 134282                     /usr/lib/jvm/java-7-openjdk-amd64/jre/lib/amd64/libjava.so
7f46428c5000-7f4642ac4000 ---p 0002b000 08:01 134282                     /usr/lib/jvm/java-7-openjdk-amd64/jre/lib/amd64/libjava.so
7f4642ac4000-7f4642ac5000 r--p 0002a000 08:01 134282                     /usr/lib/jvm/java-7-openjdk-amd64/jre/lib/amd64/libjava.so
7f4642ac5000-7f4642ac7000 rw-p 0002b000 08:01 134282                     /usr/lib/jvm/java-7-openjdk-amd64/jre/lib/amd64/libjava.so
7f4642ac7000-7f4642ad7000 r-xp 00000000 08:01 134307                     /usr/lib/jvm/java-7-openjdk-amd64/jre/lib/amd64/libverify.so
7f4642ad7000-7f4642cd6000 ---p 00010000 08:01 134307                     /usr/lib/jvm/java-7-openjdk-amd64/jre/lib/amd64/libverify.so
7f4642cd6000-7f4642cd8000 r--p 0000f000 08:01 134307                     /usr/lib/jvm/java-7-openjdk-amd64/jre/lib/amd64/libverify.so
7f4642cd8000-7f4642cd9000 rw-p 00011000 08:01 134307                     /usr/lib/jvm/java-7-openjdk-amd64/jre/lib/amd64/libverify.so
7f4642cd9000-7f4642ce0000 r-xp 00000000 08:01 2086                       /lib/x86_64-linux-gnu/librt-2.18.so
7f4642ce0000-7f4642edf000 ---p 00007000 08:01 2086                       /lib/x86_64-linux-gnu/librt-2.18.so
7f4642edf000-7f4642ee0000 r--p 00006000 08:01 2086                       /lib/x86_64-linux-gnu/librt-2.18.so
7f4642ee0000-7f4642ee1000 rw-p 00007000 08:01 2086                       /lib/x86_64-linux-gnu/librt-2.18.so
7f4642ee1000-7f4642ef6000 r-xp 00000000 08:01 66952                      /lib/x86_64-linux-gnu/libgcc_s.so.1
7f4642ef6000-7f46430f5000 ---p 00015000 08:01 66952                      /lib/x86_64-linux-gnu/libgcc_s.so.1
7f46430f5000-7f46430f6000 r--p 00014000 08:01 66952                      /lib/x86_64-linux-gnu/libgcc_s.so.1
7f46430f6000-7f46430f7000 rw-p 00015000 08:01 66952                      /lib/x86_64-linux-gnu/libgcc_s.so.1
7f46430f7000-7f46431fc000 r-xp 00000000 08:01 2269                       /lib/x86_64-linux-gnu/libm-2.18.so
7f46431fc000-7f46433fc000 ---p 00105000 08:01 2269                       /lib/x86_64-linux-gnu/libm-2.18.so
7f46433fc000-7f46433fd000 r--p 00105000 08:01 2269                       /lib/x86_64-linux-gnu/libm-2.18.so
7f46433fd000-7f46433fe000 rw-p 00106000 08:01 2269                       /lib/x86_64-linux-gnu/libm-2.18.so
7f46433fe000-7f46434e4000 r-xp 00000000 08:01 66309                      /usr/lib/x86_64-linux-gnu/libstdc++.so.6.0.19
7f46434e4000-7f46436e3000 ---p 000e6000 08:01 66309                      /usr/lib/x86_64-linux-gnu/libstdc++.so.6.0.19
7f46436e3000-7f46436eb000 r--p 000e5000 08:01 66309                      /usr/lib/x86_64-linux-gnu/libstdc++.so.6.0.19
7f46436eb000-7f46436ed000 rw-p 000ed000 08:01 66309                      /usr/lib/x86_64-linux-gnu/libstdc++.so.6.0.19
7f46436ed000-7f4643702000 rw-p 00000000 00:00 0 
7f4643702000-7f46441e3000 r-xp 00000000 08:01 134275                     /usr/lib/jvm/java-7-openjdk-amd64/jre/lib/amd64/server/libjvm.so
7f46441e3000-7f46443e2000 ---p 00ae1000 08:01 134275                     /usr/lib/jvm/java-7-openjdk-amd64/jre/lib/amd64/server/libjvm.so
7f46443e2000-7f4644474000 r--p 00ae0000 08:01 134275                     /usr/lib/jvm/java-7-openjdk-amd64/jre/lib/amd64/server/libjvm.so
7f4644474000-7f4644497000 rw-p 00b72000 08:01 134275                     /usr/lib/jvm/java-7-openjdk-amd64/jre/lib/amd64/server/libjvm.so
7f4644497000-7f46444c4000 rw-p 00000000 00:00 0 
7f46444c4000-7f46444dc000 r-xp 00000000 08:01 2095                       /lib/x86_64-linux-gnu/libz.so.1.2.8
7f46444dc000-7f46446db000 ---p 00018000 08:01 2095                       /lib/x86_64-linux-gnu/libz.so.1.2.8
7f46446db000-7f46446dc000 r--p 00017000 08:01 2095                       /lib/x86_64-linux-gnu/libz.so.1.2.8
7f46446dc000-7f46446dd000 rw-p 00018000 08:01 2095                       /lib/x86_64-linux-gnu/libz.so.1.2.8
7f46446dd000-7f46446f6000 r-xp 00000000 08:01 2147                       /lib/x86_64-linux-gnu/libpthread-2.18.so
7f46446f6000-7f46448f5000 ---p 00019000 08:01 2147                       /lib/x86_64-linux-gnu/libpthread-2.18.so
7f46448f5000-7f46448f6000 r--p 00018000 08:01 2147                       /lib/x86_64-linux-gnu/libpthread-2.18.so
7f46448f6000-7f46448f7000 rw-p 00019000 08:01 2147                       /lib/x86_64-linux-gnu/libpthread-2.18.so
7f46448f7000-7f46448fb000 rw-p 00000000 00:00 0 
7f46448fb000-7f46448fe000 r-xp 00000000 08:01 2120                       /lib/x86_64-linux-gnu/libdl-2.18.so
7f46448fe000-7f4644afd000 ---p 00003000 08:01 2120                       /lib/x86_64-linux-gnu/libdl-2.18.so
7f4644afd000-7f4644afe000 r--p 00002000 08:01 2120                       /lib/x86_64-linux-gnu/libdl-2.18.so
7f4644afe000-7f4644aff000 rw-p 00003000 08:01 2120                       /lib/x86_64-linux-gnu/libdl-2.18.so
7f4644aff000-7f4644cbb000 r-xp 00000000 08:01 2145                       /lib/x86_64-linux-gnu/libc-2.18.so
7f4644cbb000-7f4644ebb000 ---p 001bc000 08:01 2145                       /lib/x86_64-linux-gnu/libc-2.18.so
7f4644ebb000-7f4644ebf000 r--p 001bc000 08:01 2145                       /lib/x86_64-linux-gnu/libc-2.18.so
7f4644ebf000-7f4644ec1000 rw-p 001c0000 08:01 2145                       /lib/x86_64-linux-gnu/libc-2.18.so
7f4644ec1000-7f4644ec6000 rw-p 00000000 00:00 0 
7f4644ec6000-7f4644ed3000 r-xp 00000000 08:01 134289                     /usr/lib/jvm/java-7-openjdk-amd64/jre/lib/amd64/jli/libjli.so
7f4644ed3000-7f46450d2000 ---p 0000d000 08:01 134289                     /usr/lib/jvm/java-7-openjdk-amd64/jre/lib/amd64/jli/libjli.so
7f46450d2000-7f46450d3000 r--p 0000c000 08:01 134289                     /usr/lib/jvm/java-7-openjdk-amd64/jre/lib/amd64/jli/libjli.so
7f46450d3000-7f46450d4000 rw-p 0000d000 08:01 134289                     /usr/lib/jvm/java-7-openjdk-amd64/jre/lib/amd64/jli/libjli.so
7f46450d4000-7f46450f6000 r-xp 00000000 08:01 2221                       /lib/x86_64-linux-gnu/ld-2.18.so
7f46450f6000-7f464511e000 rw-p 00000000 00:00 0 
7f464511e000-7f4645128000 rw-p 00000000 00:00 0 
7f4645128000-7f46451de000 rw-p 00000000 00:00 0 
7f46451de000-7f46451e6000 rw-s 00000000 08:01 416656                     /tmp/hsperfdata_root/58786
7f46451e6000-7f46451e9000 ---p 00000000 00:00 0 
7f46451e9000-7f46452e7000 rw-p 00000000 00:00 0                          [stack:58787]
7f46452e7000-7f46452e9000 rw-p 00000000 00:00 0 
7f46452e9000-7f46452ea000 rw-p 00000000 00:00 0 
7f46452ea000-7f46452eb000 rw-p 00000000 00:00 0 
7f46452eb000-7f46452ec000 rw-p 00000000 00:00 0 
7f46452ec000-7f46452ee000 r--s 00006000 08:01 67517                      /usr/share/java/java-atk-wrapper.jar
7f46452ee000-7f46452ef000 r--s 00002000 08:01 134245                     /usr/lib/jvm/java-7-openjdk-amd64/jre/lib/ext/dnsns.jar
7f46452ef000-7f46452f2000 r--s 0000f000 08:01 134243                     /usr/lib/jvm/java-7-openjdk-amd64/jre/lib/ext/pulse-java.jar
7f46452f2000-7f46452f3000 rw-p 00000000 00:00 0 
7f46452f3000-7f46452f4000 ---p 00000000 00:00 0 
7f46452f4000-7f46452f6000 rw-p 00000000 00:00 0 
7f46452f6000-7f46452f7000 r--p 00022000 08:01 2221                       /lib/x86_64-linux-gnu/ld-2.18.so
7f46452f7000-7f46452f8000 rw-p 00023000 08:01 2221                       /lib/x86_64-linux-gnu/ld-2.18.so
7f46452f8000-7f46452f9000 rw-p 00000000 00:00 0 
7fff10733000-7fff10754000 rw-p 00000000 00:00 0                          [stack]
7fff107d0000-7fff107d2000 r-xp 00000000 00:00 0                          [vdso]
ffffffffff600000-ffffffffff601000 r-xp 00000000 00:00 0                  [vsyscall]

VM Arguments:
java_command: CNIGen
Launcher Type: SUN_STANDARD

Environment Variables:
CLASSPATH=/usr/share/java/postgresql-9.3-1100.jdbc41.jar:.
PATH=/usr/local/sbin:/usr/local/bin:/usr/sbin:/usr/bin:/sbin:/bin:/usr/games:/usr/local/games
USERNAME=root
SHELL=/bin/bash

Signal Handlers:
SIGSEGV: [libjvm.so+0x9185c0], sa_mask[0]=0x7ffbfeff, sa_flags=0x10000004
SIGBUS: [libjvm.so+0x9185c0], sa_mask[0]=0x7ffbfeff, sa_flags=0x10000004
SIGFPE: [libjvm.so+0x795d70], sa_mask[0]=0x7ffbfeff, sa_flags=0x10000004
SIGPIPE: [libjvm.so+0x795d70], sa_mask[0]=0x7ffbfeff, sa_flags=0x10000004
SIGXFSZ: [libjvm.so+0x795d70], sa_mask[0]=0x7ffbfeff, sa_flags=0x10000004
SIGILL: [libjvm.so+0x795d70], sa_mask[0]=0x7ffbfeff, sa_flags=0x10000004
SIGUSR1: SIG_DFL, sa_mask[0]=0x00000000, sa_flags=0x00000000
SIGUSR2: [libjvm.so+0x795c10], sa_mask[0]=0x00000000, sa_flags=0x10000004
SIGHUP: [libjvm.so+0x795df0], sa_mask[0]=0x7ffbfeff, sa_flags=0x10000004
SIGINT: [libjvm.so+0x795df0], sa_mask[0]=0x7ffbfeff, sa_flags=0x10000004
SIGTERM: [libjvm.so+0x795df0], sa_mask[0]=0x7ffbfeff, sa_flags=0x10000004
SIGQUIT: [libjvm.so+0x795df0], sa_mask[0]=0x7ffbfeff, sa_flags=0x10000004


---------------  S Y S T E M  ---------------

OS:Ubuntu 14.04 (trusty)
uname:Linux 3.13.0-5-generic #20-Ubuntu SMP Mon Jan 20 19:56:38 UTC 2014 x86_64
libc:glibc 2.18 NPTL 2.18 
rlimit: STACK 8192k, CORE 0k, NPROC 13224, NOFILE 4096, AS infinity
load average:0.58 0.23 0.17

/proc/meminfo:
MemTotal:        1718760 kB
MemFree:          112828 kB
Buffers:            3260 kB
Cached:           226836 kB
SwapCached:            0 kB
Active:          1468152 kB
Inactive:          49820 kB
Active(anon):    1425532 kB
Inactive(anon):     4376 kB
Active(file):      42620 kB
Inactive(file):    45444 kB
Unevictable:           0 kB
Mlocked:               0 kB
SwapTotal:             0 kB
SwapFree:              0 kB
Dirty:               124 kB
Writeback:             0 kB
AnonPages:       1287928 kB
Mapped:           153748 kB
Shmem:            141980 kB
Slab:              49128 kB
SReclaimable:      31856 kB
SUnreclaim:        17272 kB
KernelStack:        2664 kB
PageTables:         9648 kB
NFS_Unstable:          0 kB
Bounce:                0 kB
WritebackTmp:          0 kB
CommitLimit:      859380 kB
Committed_AS:    1495824 kB
VmallocTotal:   34359738367 kB
VmallocUsed:       20328 kB
VmallocChunk:   34359708972 kB
HardwareCorrupted:     0 kB
AnonHugePages:    712704 kB
HugePages_Total:       0
HugePages_Free:        0
HugePages_Rsvd:        0
HugePages_Surp:        0
Hugepagesize:       2048 kB
DirectMap4k:       34752 kB
DirectMap2M:     1800192 kB


CPU:total 1 (1 cores per cpu, 1 threads per core) family 16 model 8 stepping 1, cmov, cx8, fxsr, mmx, sse, sse2, sse3, popcnt, mmxext, 3dnowpref, lzcnt, sse4a, tsc

/proc/cpuinfo:
processor	: 0
vendor_id	: AuthenticAMD
cpu family	: 16
model		: 8
model name	: AMD Opteron(tm) Processor 4171 HE
stepping	: 1
microcode	: 0xffffffff
cpu MHz		: 2094.719
cache size	: 512 KB
physical id	: 0
siblings	: 1
core id		: 0
cpu cores	: 1
apicid		: 0
initial apicid	: 0
fpu		: yes
fpu_exception	: yes
cpuid level	: 5
wp		: yes
flags		: fpu vme de pse tsc msr pae mce cx8 apic sep mtrr pge mca cmov pat pse36 clflush mmx fxsr sse sse2 syscall nx mmxext fxsr_opt lm 3dnowext 3dnow rep_good nopl extd_apicid pni cx16 popcnt hypervisor lahf_lm cmp_legacy cr8_legacy abm sse4a misalignsse 3dnowprefetch osvw
bogomips	: 4189.43
TLB size	: 1024 4K pages
clflush size	: 64
cache_alignment	: 64
address sizes	: 42 bits physical, 48 bits virtual
power management:



Memory: 4k page, physical 1718760k(112828k free), swap 0k(0k free)

vm_info: OpenJDK 64-Bit Server VM (24.51-b03) for linux-amd64 JRE (1.7.0_51-b31), built on Jan 31 2014 14:26:19 by "buildd" with gcc 4.8.2

time: Mon Feb 24 17:44:00 2014
elapsed time: 22 seconds

